Arguments: 
  /usr/bin/node /usr/bin/yarn run jest -- --watch

PATH: 
  /usr/local/bin:/usr/bin:/bin:/usr/local/games:/usr/games

Yarn version: 
  1.5.1

Node version: 
  8.11.3

Platform: 
  linux x64

npm manifest: 
  {
    "name": "expensify",
    "version": "1.0.0",
    "description": "",
    "main": "index.js",
    "dependencies": {
      "babel-cli": "^6.24.1",
      "babel-core": "^6.25.0",
      "babel-loader": "^7.1.1",
      "babel-plugin-transform-class-properties": "^6.24.1",
      "babel-plugin-transform-object-rest-spread": "^6.23.0",
      "babel-preset-env": "^1.5.2",
      "babel-preset-react": "^6.24.1",
      "css-loader": "^0.28.4",
      "enzyme": "^3.0.0",
      "enzyme-adapter-react-16": "^1.0.0",
      "enzyme-to-json": "^3.0.1",
      "jest": "^20.0.4",
      "live-server": "^1.2.0",
      "moment": "^2.18.1",
      "node-sass": "^4.5.3",
      "normalize.css": "^7.0.0",
      "raf": "^3.3.2",
      "react": "^16.0.0",
      "react-addons-shallow-compare": "^15.6.0",
      "react-dates": "^12.7.0",
      "react-dom": "^16.0.0",
      "react-modal": "^2.2.2",
      "react-redux": "^5.0.5",
      "react-router-dom": "^4.2.2",
      "react-test-renderer": "^16.0.0",
      "redux": "^3.7.2",
      "sass-loader": "^6.0.6",
      "style-loader": "^0.18.2",
      "uuid": "^3.1.0",
      "validator": "^8.0.0",
      "webpack-dev-server": "^2.5.1"
    },
    "devDependencies": {
      "webpack": "^3.1.0"
    },
    "scripts": {
      "serve": "live-server public/",
      "build": "webpack",
      "dev-server": "webpack-dev-server",
      "test": "jest --config=jest.config.json"
    },
    "author": "evangelos",
    "license": "ISC"
  }

yarn manifest: 
  No manifest

Lockfile: 
  No lockfile

Trace: 
  Error: Command failed.
  Exit code: 1
  Command: sh
  Arguments: -c /home/evangelos/Documents/react-course-projects/expensify-app/node_modules/.bin/jest --watch
  Directory: /home/evangelos/Documents/react-course-projects/expensify-app
  Output:
  
      at ProcessTermError.MessageError (/usr/lib/node_modules/yarn/lib/cli.js:186:110)
      at new ProcessTermError (/usr/lib/node_modules/yarn/lib/cli.js:226:113)
      at ChildProcess.<anonymous> (/usr/lib/node_modules/yarn/lib/cli.js:30281:17)
      at emitTwo (events.js:126:13)
      at ChildProcess.emit (events.js:214:7)
      at maybeClose (internal/child_process.js:925:16)
      at Process.ChildProcess._handle.onexit (internal/child_process.js:209:5)
